1677605355579	geckodriver	INFO	Listening on 127.0.0.1:7238
1677605355876	mozrunner::runner	INFO	Running command: "C:\\Program Files\\Mozilla Firefox\\firefox.exe" "--marionette" "-no-remote" "-profile" "C:\\Users\\scondori\\AppData\\Local\\Temp\\rust_mozprofileoTtI3W"
console.warn: services.settings: Ignoring preference override of remote settings server
console.warn: services.settings: Allow by setting MOZ_REMOTE_SETTINGS_DEVTOOLS=1 in the environment
1677605356467	Marionette	INFO	Marionette enabled
Dynamically enable window occlusion 0
1677605356477	Marionette	INFO	Listening on port 50778
1677605357008	RemoteAgent	WARN	TLS certificate errors will be ignored for this session
console.warn: SearchSettings: "get: No settings file exists, new profile?" (new NotFoundError("Could not open the file at C:\\Users\\scondori\\AppData\\Local\\Temp\\rust_mozprofileoTtI3W\\search.json.mozlz4", (void 0)))
console.error: Region.sys.mjs: "Error fetching region" (new Error("TIMEOUT", "resource://gre/modules/Region.sys.mjs", 764))
console.error: Region.sys.mjs: "Failed to fetch region" (new Error("TIMEOUT", "resource://gre/modules/Region.sys.mjs", 416))
console.warn: LoginRecipes: "Falling back to a synchronous message for: https://inmueblesimpl.ruat.gob.bo."
console.warn: LoginRecipes: "Falling back to a synchronous message for: http://inmueblesimpl.ruat.gob.bo."
console.warn: services.settings: Ignoring preference override of remote settings server
console.warn: services.settings: Allow by setting MOZ_REMOTE_SETTINGS_DEVTOOLS=1 in the environment
console.error: (new TypeError("lazy.AsyncShutdown.profileBeforeChange is undefined", "resource://services-settings/Database.jsm", 603))
console.warn: LoginRecipes: "Falling back to a synchronous message for: http://inmueblesimpl.ruat.gob.bo."
console.warn: LoginRecipes: "Falling back to a synchronous message for: http://inmueblesimpl.ruat.gob.bo."
JavaScript error: resource://gre/modules/pdfjs.js, line 31: NS_ERROR_FACTORY_NOT_REGISTERED: 
JavaScript error: resource://gre/modules/pdfjs.js, line 31: NS_ERROR_FACTORY_NOT_REGISTERED: 
console.warn: LoginRecipes: "Falling back to a synchronous message for: http://inmueblesimpl.ruat.gob.bo."
console.warn: LoginRecipes: "Falling back to a synchronous message for: http://inmueblesimpl.ruat.gob.bo."
1677605381456	Marionette	INFO	Stopped listening on port 50778
Dynamically enable window occlusion 1
console.error: (new TypeError("NetworkError: Network request failed", "resource://services-settings/Utils.jsm", 237))
WARNING: A blocker encountered an error while we were waiting.
          Blocker:  Waiting for ping task
          Phase: TelemetryController: Waiting for pending ping activity
          State: (none)
WARNING: Error: Phase "profile-before-change" is finished, it is too late to register completion condition "OS.File: flush I/O queued before profileBeforeChange"
WARNING: addBlocker@resource://gre/modules/AsyncShutdown.sys.mjs:727:15
addBlocker@resource://gre/modules/AsyncShutdown.sys.mjs:523:26
addBlocker@resource://gre/modules/AsyncShutdown.sys.mjs:458:15
setupShutdown@resource://gre/modules/osfile/osfile_async_front.jsm:1548:28
@resource://gre/modules/osfile/osfile_async_front.jsm:1568:16
@resource://gre/modules/osfile.jsm:12:30
@resource://gre/modules/TelemetryStorage.sys.mjs:10:28
_checkPendingPings@resource://gre/modules/TelemetrySend.sys.mjs:863:17
setup@resource://gre/modules/TelemetrySend.sys.mjs:803:18
setup@resource://gre/modules/TelemetrySend.sys.mjs:241:30
setupTelemetry/this._delayedInitTask<@resource://gre/modules/TelemetryControllerParent.sys.mjs:829:36
observe@resource://gre/modules/AsyncShutdown.sys.mjs:576:16

WARNING: A blocker encountered an error while we were waiting.
          Blocker:  Waiting for ping task
          Phase: TelemetryController: Waiting for pending ping activity
          State: (none)
WARNING: Error: Phase "profile-before-change" is finished, it is too late to register completion condition "OS.File: flush I/O queued before profileBeforeChange"
WARNING: addBlocker@resource://gre/modules/AsyncShutdown.sys.mjs:727:15
addBlocker@resource://gre/modules/AsyncShutdown.sys.mjs:523:26
addBlocker@resource://gre/modules/AsyncShutdown.sys.mjs:458:15
setupShutdown@resource://gre/modules/osfile/osfile_async_front.jsm:1548:28
@resource://gre/modules/osfile/osfile_async_front.jsm:1568:16
@resource://gre/modules/osfile.jsm:12:30
@resource://gre/modules/TelemetryStorage.sys.mjs:10:28
_checkPendingPings@resource://gre/modules/TelemetrySend.sys.mjs:863:17
setup@resource://gre/modules/TelemetrySend.sys.mjs:803:18
setup@resource://gre/modules/TelemetrySend.sys.mjs:241:30
setupTelemetry/this._delayedInitTask<@resource://gre/modules/TelemetryControllerParent.sys.mjs:829:36
observe@resource://gre/modules/AsyncShutdown.sys.mjs:576:16

WARNING: A blocker encountered an error while we were waiting.
          Blocker:  Waiting for ping task
          Phase: TelemetryController: Waiting for pending ping activity
          State: (none)
WARNING: Error: Phase "profile-before-change" is finished, it is too late to register completion condition "OS.File: flush I/O queued before profileBeforeChange"
WARNING: addBlocker@resource://gre/modules/AsyncShutdown.sys.mjs:727:15
addBlockerJav@resourace://gre/modules/AsyncShutdown.sys.mjs:523:S26
addcriptBlo ckeerror: resource://gre/modulesr/AsyncS@hreusource://gre/modules/AsyncShutdown.sys.mjs:458:15
setupShutdown@rtedosource://gre/modules/osfile/oswfni.lsey_sa.sync_front.jsm:1548:28
@resource://gre/modules/osfile/osfile_async_front.jsm:1568:16
@resource://grem/jms, line 727: Error: Phase "profile-before-change" is foidnuilses/osfile.jsm:12:30
@resource://gre/modules/TelemetryStorage.sys.mjs:10:28
_checkPendingPings@resource://hgerde, i/modules/TelemetrySend.t is tsoo late to register completys.mjs:863:17
setup@reion condition "OS.File: flush sI/O queued ource://gre/mobefore profileBefodreChange"
uJavaScript error:l es/TelemetrySend.sys.mjs:803:18
setup@resource://gre/modurles/TelemetrySend.sys.mjs:e2sour41:30
setupTelemetry/thice:/s._delayedInitTa/sk<@resgre/modules/AsyncSohutdownurce://gre.sys.mj/s, modules/lTelemetrine 727: Error: Phase "profile-before-change" is finished, it is too late to register completion conditiony ControllerParent.sys.mjs:8"29:36
obOS.Filsere: flush Ive@/O resource:/que/greu/modules/AsyncShutdown.sys.mjs:576:16

WARNING: A blocker encountered an error while we were waiteingd.
          Bl before porofcker:  TielemetryContleBeforolreClhange"
JavaScript error: resource://gre/moduler: shutting down
          Phase: profile-before-change-telemeets/AsryyncShutdown.sys.mjs, line 
          State: Err72o7: r getting state: Error: Phase "profile-before-change" is finEirror: Phase s"profile-before-change" is finished, it is too late to register completion condithed, it is too ilate on "OS.Ftile: flush I/O queued before profileBeforeChange"
JavaScript error: resource://gre/modules/AsyncShutdown.sys.mjs, line 727: Error: Phase "profile-before-change" is finished, it is too late to register completion condition "OS.File: flush I/O queued before profileBeforeChange"
JavaScript error: resource://gre/modules/AsyncShutdown.sys.mjs, line 727: Error: Phase "profile-before-change" is finished, it is too late to register completion condition "OS.File: flush I/O queued before profileBeforeChange"
JavaScript error: resource://gre/modules/AsyncShutdown.sys.mjs, line 727: Error: Phase "profile-before-change" is finished, it is too late to register completion condition "OS.File: flush I/O queued before profileBeforeChange"
o register completion condition "OS.File: flush I/O queued before profileBeforeChange" at addBlocker@resource://gre/modules/AsyncShutdown.sys.mjs:727:15
addBlocker@resource://gre/modules/AsyncShutdown.sys.mjs:523:26
addBlocker@resource://gre/modules/AsyncShutdown.sys.mjs:458:15
setupShutdown@resource://gre/modules/osfile/osfile_async_front.jsm:1548:28
@resource://gre/modules/osfile/osfile_async_front.jsm:1568:16
@resource://gre/modules/osfile.jsm:12:30
@resource://gre/modules/TelemetryStorage.sys.mjs:10:28
_checkPendingPings@resource://gre/modules/TelemetrySend.sys.mjs:863:17
setup@resource://gre/modules/TelemetrySend.sys.mjs:803:18
setup@resource://gre/modules/TelemetrySend.sys.mjs:241:30
setupTelemetry/this._delayedInitTask<@resource://gre/modules/TelemetryControllerParent.sys.mjs:829:36
observe@resource://gre/modules/AsyncShutdown.sys.mjs:576:16

WARNING: Error: Phase "profile-before-change" is finished, it is too late to register completion condition "OS.File: flush I/O queued before profileBeforeChange"
WARNING: addBlocker@resource://gre/modules/AsyncShutdown.sys.mjs:727:15
addBlocker@resource://gre/modules/AsyncShutdown.sys.mjs:523:26
addBlocker@resource://gre/modules/AsyncShutdown.sys.mjs:458:15
setupShutdown@resource://gre/modules/osfile/osfile_async_front.jsm:1548:28
@resource://gre/modules/osfile/osfile_async_front.jsm:1568:16
@resource://gre/modules/osfile.jsm:12:30
@resource://gre/modules/TelemetryStorage.sys.mjs:10:28
_checkPendingPings@resource://gre/modules/TelemetrySend.sys.mjs:863:17
setup@resource://gre/modules/TelemetrySend.sys.mjs:803:18
setup@resource://gre/modules/TelemetrySend.sys.mjs:241:30
setupTelemetry/this._delayedInitTask<@resource://gre/modules/TelemetryControllerParent.sys.mjs:829:36
observe@resource://gre/modules/AsyncShutdown.sys.mjs:576:16

